2016-12-02 14:16:58 - PHP Notice:  Undefined variable: position_sidebar_right in /home/evgen/www/opencart/catalog/view/theme/default2/template/common/column_left.tpl on line 11
2016-12-02 14:16:58 - PHP Notice:  Undefined variable: position_sidebar_left in /home/evgen/www/opencart/catalog/view/theme/default2/template/common/column_left.tpl on line 14
2016-12-02 14:16:58 - PHP Notice:  Undefined variable: position_sidebar_right in /home/evgen/www/opencart/catalog/view/theme/default2/template/common/column_right.tpl on line 1
2016-12-02 14:16:58 - PHP Notice:  Undefined variable: position_sidebar_left in /home/evgen/www/opencart/catalog/view/theme/default2/template/common/column_right.tpl on line 14
2016-12-02 14:16:59 - PHP Notice:  Undefined variable: position_content_top_a in /home/evgen/www/opencart/catalog/view/theme/default2/template/common/content_top.tpl on line 1
2016-12-02 14:16:59 - PHP Notice:  Undefined variable: position_content_top_b in /home/evgen/www/opencart/catalog/view/theme/default2/template/common/content_top.tpl on line 1
2016-12-02 14:16:59 - PHP Notice:  Undefined variable: position_content_btm_a in /home/evgen/www/opencart/catalog/view/theme/default2/template/common/content_bottom.tpl on line 10
2016-12-02 14:16:59 - PHP Notice:  Undefined variable: position_content_btm_b in /home/evgen/www/opencart/catalog/view/theme/default2/template/common/content_bottom.tpl on line 10
2016-12-02 14:16:59 - PHP Notice:  Undefined variable: position_footer_ribbon in /home/evgen/www/opencart/catalog/view/theme/default2/template/common/footer.tpl on line 2
2016-12-02 14:16:59 - PHP Notice:  Undefined variable: position_footer_a in /home/evgen/www/opencart/catalog/view/theme/default2/template/common/footer.tpl on line 7
2016-12-02 14:16:59 - PHP Notice:  Undefined variable: position_footer_b in /home/evgen/www/opencart/catalog/view/theme/default2/template/common/footer.tpl on line 11
2016-12-02 14:16:59 - PHP Notice:  Undefined variable: position_footer_c in /home/evgen/www/opencart/catalog/view/theme/default2/template/common/footer.tpl on line 15
2016-12-02 14:16:59 - PHP Notice:  Undefined variable: position_footer_a in /home/evgen/www/opencart/catalog/view/theme/default2/template/common/footer.tpl on line 19
2016-12-02 14:16:59 - PHP Notice:  Undefined variable: position_footer_b in /home/evgen/www/opencart/catalog/view/theme/default2/template/common/footer.tpl on line 19
2016-12-02 14:16:59 - PHP Notice:  Undefined variable: position_footer_c in /home/evgen/www/opencart/catalog/view/theme/default2/template/common/footer.tpl on line 19
2016-12-02 14:16:59 - PHP Notice:  Undefined variable: position_tlb_btm_left in /home/evgen/www/opencart/catalog/view/theme/default2/template/common/footer.tpl on line 78
2016-12-02 14:16:59 - PHP Notice:  Undefined variable: position_tlb_btm_right in /home/evgen/www/opencart/catalog/view/theme/default2/template/common/footer.tpl on line 89
2016-12-02 14:16:59 - PHP Notice:  Undefined variable: position_hide_blk_btm in /home/evgen/www/opencart/catalog/view/theme/default2/template/common/footer.tpl on line 113
2016-12-02 14:16:59 - PHP Notice:  Undefined variable: gfont_load in /home/evgen/www/opencart/catalog/view/theme/default2/template/common/header.tpl on line 28
2016-12-02 14:16:59 - PHP Notice:  Undefined variable: default2_version in /home/evgen/www/opencart/catalog/view/theme/default2/template/common/header.tpl on line 34
2016-12-02 14:16:59 - PHP Notice:  Undefined variable: default2 in /home/evgen/www/opencart/catalog/view/theme/default2/template/common/header.tpl on line 35
2016-12-02 14:16:59 - PHP Notice:  Undefined variable: default2 in /home/evgen/www/opencart/catalog/view/theme/default2/template/common/header.tpl on line 38
2016-12-02 14:16:59 - PHP Notice:  Undefined variable: default2_version in /home/evgen/www/opencart/catalog/view/theme/default2/template/common/header.tpl on line 49
2016-12-02 14:16:59 - PHP Notice:  Undefined variable: default2 in /home/evgen/www/opencart/catalog/view/theme/default2/template/common/header.tpl on line 56
2016-12-02 14:16:59 - PHP Notice:  Undefined variable: position_hide_blk_top in /home/evgen/www/opencart/catalog/view/theme/default2/template/common/header.tpl on line 57
2016-12-02 14:16:59 - PHP Notice:  Undefined variable: position_tlb_top_left in /home/evgen/www/opencart/catalog/view/theme/default2/template/common/header.tpl on line 67
2016-12-02 14:16:59 - PHP Notice:  Undefined variable: position_tlb_top_right in /home/evgen/www/opencart/catalog/view/theme/default2/template/common/header.tpl on line 79
2016-12-02 14:16:59 - PHP Notice:  Undefined variable: position_main_menu in /home/evgen/www/opencart/catalog/view/theme/default2/template/common/header.tpl on line 145
2016-12-02 14:16:59 - PHP Notice:  Undefined variable: position_top_a in /home/evgen/www/opencart/catalog/view/theme/default2/template/common/home.tpl on line 4
2016-12-02 14:16:59 - PHP Notice:  Undefined variable: position_top_b in /home/evgen/www/opencart/catalog/view/theme/default2/template/common/home.tpl on line 4
2016-12-02 14:16:59 - PHP Notice:  Undefined variable: position_top_c in /home/evgen/www/opencart/catalog/view/theme/default2/template/common/home.tpl on line 4
2016-12-02 14:16:59 - PHP Notice:  Undefined variable: position_bottom_a in /home/evgen/www/opencart/catalog/view/theme/default2/template/common/home.tpl on line 41
2016-12-02 14:16:59 - PHP Notice:  Undefined variable: position_bottom_b in /home/evgen/www/opencart/catalog/view/theme/default2/template/common/home.tpl on line 41
2016-12-02 14:16:59 - PHP Notice:  Undefined variable: position_bottom_c in /home/evgen/www/opencart/catalog/view/theme/default2/template/common/home.tpl on line 41
2016-12-02 14:19:46 - PHP Notice:  Undefined variable: position_sidebar_right in /home/evgen/www/opencart/catalog/view/theme/default2/template/common/column_left.tpl on line 11
2016-12-02 14:19:46 - PHP Notice:  Undefined variable: position_sidebar_left in /home/evgen/www/opencart/catalog/view/theme/default2/template/common/column_left.tpl on line 14
2016-12-02 14:19:46 - PHP Notice:  Undefined variable: position_sidebar_right in /home/evgen/www/opencart/catalog/view/theme/default2/template/common/column_right.tpl on line 1
2016-12-02 14:19:46 - PHP Notice:  Undefined variable: position_sidebar_left in /home/evgen/www/opencart/catalog/view/theme/default2/template/common/column_right.tpl on line 14
2016-12-02 14:19:46 - PHP Notice:  Undefined variable: position_content_top_a in /home/evgen/www/opencart/catalog/view/theme/default2/template/common/content_top.tpl on line 1
2016-12-02 14:19:46 - PHP Notice:  Undefined variable: position_content_top_b in /home/evgen/www/opencart/catalog/view/theme/default2/template/common/content_top.tpl on line 1
2016-12-02 14:19:46 - PHP Notice:  Undefined variable: position_content_btm_a in /home/evgen/www/opencart/catalog/view/theme/default2/template/common/content_bottom.tpl on line 10
2016-12-02 14:19:46 - PHP Notice:  Undefined variable: position_content_btm_b in /home/evgen/www/opencart/catalog/view/theme/default2/template/common/content_bottom.tpl on line 10
2016-12-02 14:19:46 - PHP Notice:  Undefined variable: position_footer_ribbon in /home/evgen/www/opencart/catalog/view/theme/default2/template/common/footer.tpl on line 2
2016-12-02 14:19:46 - PHP Notice:  Undefined variable: position_footer_a in /home/evgen/www/opencart/catalog/view/theme/default2/template/common/footer.tpl on line 7
2016-12-02 14:19:46 - PHP Notice:  Undefined variable: position_footer_b in /home/evgen/www/opencart/catalog/view/theme/default2/template/common/footer.tpl on line 11
2016-12-02 14:19:46 - PHP Notice:  Undefined variable: position_footer_c in /home/evgen/www/opencart/catalog/view/theme/default2/template/common/footer.tpl on line 15
2016-12-02 14:19:46 - PHP Notice:  Undefined variable: position_footer_a in /home/evgen/www/opencart/catalog/view/theme/default2/template/common/footer.tpl on line 19
2016-12-02 14:19:46 - PHP Notice:  Undefined variable: position_footer_b in /home/evgen/www/opencart/catalog/view/theme/default2/template/common/footer.tpl on line 19
2016-12-02 14:19:46 - PHP Notice:  Undefined variable: position_footer_c in /home/evgen/www/opencart/catalog/view/theme/default2/template/common/footer.tpl on line 19
2016-12-02 14:19:46 - PHP Notice:  Undefined variable: position_tlb_btm_left in /home/evgen/www/opencart/catalog/view/theme/default2/template/common/footer.tpl on line 78
2016-12-02 14:19:46 - PHP Notice:  Undefined variable: position_tlb_btm_right in /home/evgen/www/opencart/catalog/view/theme/default2/template/common/footer.tpl on line 89
2016-12-02 14:19:46 - PHP Notice:  Undefined variable: position_hide_blk_btm in /home/evgen/www/opencart/catalog/view/theme/default2/template/common/footer.tpl on line 113
2016-12-02 14:19:46 - PHP Notice:  Undefined variable: gfont_load in /home/evgen/www/opencart/catalog/view/theme/default2/template/common/header.tpl on line 28
2016-12-02 14:19:46 - PHP Notice:  Undefined variable: default2_version in /home/evgen/www/opencart/catalog/view/theme/default2/template/common/header.tpl on line 34
2016-12-02 14:19:46 - PHP Notice:  Undefined variable: default2 in /home/evgen/www/opencart/catalog/view/theme/default2/template/common/header.tpl on line 35
2016-12-02 14:19:46 - PHP Notice:  Undefined variable: default2 in /home/evgen/www/opencart/catalog/view/theme/default2/template/common/header.tpl on line 38
2016-12-02 14:19:46 - PHP Notice:  Undefined variable: default2_version in /home/evgen/www/opencart/catalog/view/theme/default2/template/common/header.tpl on line 49
2016-12-02 14:19:46 - PHP Notice:  Undefined variable: default2 in /home/evgen/www/opencart/catalog/view/theme/default2/template/common/header.tpl on line 56
2016-12-02 14:19:46 - PHP Notice:  Undefined variable: position_hide_blk_top in /home/evgen/www/opencart/catalog/view/theme/default2/template/common/header.tpl on line 57
2016-12-02 14:19:46 - PHP Notice:  Undefined variable: position_tlb_top_left in /home/evgen/www/opencart/catalog/view/theme/default2/template/common/header.tpl on line 67
2016-12-02 14:19:46 - PHP Notice:  Undefined variable: position_tlb_top_right in /home/evgen/www/opencart/catalog/view/theme/default2/template/common/header.tpl on line 79
2016-12-02 14:19:46 - PHP Notice:  Undefined variable: position_main_menu in /home/evgen/www/opencart/catalog/view/theme/default2/template/common/header.tpl on line 145
2016-12-02 14:19:46 - PHP Notice:  Undefined variable: position_top_a in /home/evgen/www/opencart/catalog/view/theme/default2/template/common/home.tpl on line 4
2016-12-02 14:19:46 - PHP Notice:  Undefined variable: position_top_b in /home/evgen/www/opencart/catalog/view/theme/default2/template/common/home.tpl on line 4
2016-12-02 14:19:46 - PHP Notice:  Undefined variable: position_top_c in /home/evgen/www/opencart/catalog/view/theme/default2/template/common/home.tpl on line 4
2016-12-02 14:19:46 - PHP Notice:  Undefined variable: position_bottom_a in /home/evgen/www/opencart/catalog/view/theme/default2/template/common/home.tpl on line 41
2016-12-02 14:19:46 - PHP Notice:  Undefined variable: position_bottom_b in /home/evgen/www/opencart/catalog/view/theme/default2/template/common/home.tpl on line 41
2016-12-02 14:19:46 - PHP Notice:  Undefined variable: position_bottom_c in /home/evgen/www/opencart/catalog/view/theme/default2/template/common/home.tpl on line 41
2016-12-03 9:53:37 - PHP Notice:  Undefined variable: email in /home/evgen/www/opencart/catalog/view/theme/test/template/common/header.tpl on line 47
2016-12-03 9:53:59 - PHP Notice:  Use of undefined constant mail - assumed 'mail' in /home/evgen/www/opencart/catalog/view/theme/test/template/common/header.tpl on line 47
2016-12-03 9:53:59 - PHP Notice:  Undefined variable: e in /home/evgen/www/opencart/catalog/view/theme/test/template/common/header.tpl on line 47
2016-12-03 17:01:09 - PHP Notice:  Array to string conversion in /home/evgen/www/opencart/catalog/controller/product/category.php on line 77
2016-12-03 17:01:12 - PHP Notice:  Array to string conversion in /home/evgen/www/opencart/catalog/controller/product/category.php on line 77
2016-12-03 17:30:46 - PHP Notice:  Undefined variable: breadcrumbs in /home/evgen/www/opencart/catalog/view/theme/test/template/common/header.tpl on line 89
2016-12-03 17:30:46 - PHP Warning:  Invalid argument supplied for foreach() in /home/evgen/www/opencart/catalog/view/theme/test/template/common/header.tpl on line 89
2016-12-03 17:31:13 - PHP Notice:  Undefined variable: breadcrumbs in /home/evgen/www/opencart/catalog/view/theme/test/template/common/header.tpl on line 89
2016-12-03 17:31:13 - PHP Warning:  Invalid argument supplied for foreach() in /home/evgen/www/opencart/catalog/view/theme/test/template/common/header.tpl on line 89
2016-12-03 17:31:15 - PHP Notice:  Undefined variable: breadcrumbs in /home/evgen/www/opencart/catalog/view/theme/test/template/common/header.tpl on line 89
2016-12-03 17:31:15 - PHP Warning:  Invalid argument supplied for foreach() in /home/evgen/www/opencart/catalog/view/theme/test/template/common/header.tpl on line 89
2016-12-03 17:32:37 - PHP Notice:  Undefined variable: breadcrumbs in /home/evgen/www/opencart/catalog/view/theme/test/template/common/header.tpl on line 89
2016-12-03 17:32:37 - PHP Warning:  Invalid argument supplied for foreach() in /home/evgen/www/opencart/catalog/view/theme/test/template/common/header.tpl on line 89
2016-12-03 17:32:52 - PHP Notice:  Undefined variable: breadcrumbs in /home/evgen/www/opencart/catalog/view/theme/test/template/common/header.tpl on line 89
2016-12-03 17:32:52 - PHP Warning:  Invalid argument supplied for foreach() in /home/evgen/www/opencart/catalog/view/theme/test/template/common/header.tpl on line 89
2016-12-03 17:33:48 - PHP Notice:  Undefined variable: breadcrumbs in /home/evgen/www/opencart/catalog/view/theme/test/template/common/header.tpl on line 89
2016-12-03 17:33:48 - PHP Warning:  Invalid argument supplied for foreach() in /home/evgen/www/opencart/catalog/view/theme/test/template/common/header.tpl on line 89
2016-12-03 17:33:52 - PHP Notice:  Undefined variable: breadcrumbs in /home/evgen/www/opencart/catalog/view/theme/test/template/common/header.tpl on line 89
2016-12-03 17:33:52 - PHP Warning:  Invalid argument supplied for foreach() in /home/evgen/www/opencart/catalog/view/theme/test/template/common/header.tpl on line 89
2016-12-03 17:34:08 - PHP Notice:  Undefined variable: breadcrumbs in /home/evgen/www/opencart/catalog/view/theme/test/template/common/header.tpl on line 89
2016-12-03 17:34:08 - PHP Warning:  Invalid argument supplied for foreach() in /home/evgen/www/opencart/catalog/view/theme/test/template/common/header.tpl on line 89
2016-12-03 17:34:11 - PHP Notice:  Undefined variable: breadcrumbs in /home/evgen/www/opencart/catalog/view/theme/test/template/common/header.tpl on line 89
2016-12-03 17:34:11 - PHP Warning:  Invalid argument supplied for foreach() in /home/evgen/www/opencart/catalog/view/theme/test/template/common/header.tpl on line 89
2016-12-03 17:34:15 - PHP Notice:  Undefined variable: breadcrumbs in /home/evgen/www/opencart/catalog/view/theme/test/template/common/header.tpl on line 89
2016-12-03 17:34:15 - PHP Warning:  Invalid argument supplied for foreach() in /home/evgen/www/opencart/catalog/view/theme/test/template/common/header.tpl on line 89
2016-12-03 17:34:18 - PHP Notice:  Undefined variable: breadcrumbs in /home/evgen/www/opencart/catalog/view/theme/test/template/common/header.tpl on line 89
2016-12-03 17:34:18 - PHP Warning:  Invalid argument supplied for foreach() in /home/evgen/www/opencart/catalog/view/theme/test/template/common/header.tpl on line 89
2016-12-03 17:34:19 - PHP Notice:  Undefined variable: breadcrumbs in /home/evgen/www/opencart/catalog/view/theme/test/template/common/header.tpl on line 89
2016-12-03 17:34:19 - PHP Warning:  Invalid argument supplied for foreach() in /home/evgen/www/opencart/catalog/view/theme/test/template/common/header.tpl on line 89
2016-12-03 17:34:54 - PHP Notice:  Undefined variable: breadcrumbs in /home/evgen/www/opencart/catalog/view/theme/test/template/common/header.tpl on line 89
2016-12-03 17:34:54 - PHP Warning:  Invalid argument supplied for foreach() in /home/evgen/www/opencart/catalog/view/theme/test/template/common/header.tpl on line 89
2016-12-03 17:35:12 - PHP Notice:  Undefined variable: breadcrumbs in /home/evgen/www/opencart/catalog/view/theme/test/template/common/header.tpl on line 89
2016-12-03 17:35:12 - PHP Warning:  Invalid argument supplied for foreach() in /home/evgen/www/opencart/catalog/view/theme/test/template/common/header.tpl on line 89
2016-12-03 17:36:04 - PHP Notice:  Undefined variable: breadcrumbs in /home/evgen/www/opencart/catalog/view/theme/test/template/common/header.tpl on line 91
2016-12-03 17:36:04 - PHP Warning:  Invalid argument supplied for foreach() in /home/evgen/www/opencart/catalog/view/theme/test/template/common/header.tpl on line 91
2016-12-03 17:36:21 - PHP Notice:  Undefined variable: breadcrumbs in /home/evgen/www/opencart/catalog/view/theme/test/template/common/header.tpl on line 92
2016-12-03 17:36:21 - PHP Warning:  Invalid argument supplied for foreach() in /home/evgen/www/opencart/catalog/view/theme/test/template/common/header.tpl on line 92
2016-12-03 17:37:52 - PHP Notice:  Undefined variable: breadcrumbs in /home/evgen/www/opencart/catalog/view/theme/test/template/common/header.tpl on line 91
2016-12-03 17:37:52 - PHP Warning:  Invalid argument supplied for foreach() in /home/evgen/www/opencart/catalog/view/theme/test/template/common/header.tpl on line 91
2016-12-03 17:38:40 - PHP Notice:  Undefined variable: breadcrumbs in /home/evgen/www/opencart/catalog/view/theme/test/template/common/header.tpl on line 91
2016-12-03 17:38:40 - PHP Warning:  Invalid argument supplied for foreach() in /home/evgen/www/opencart/catalog/view/theme/test/template/common/header.tpl on line 91
2016-12-03 17:40:01 - PHP Notice:  Undefined variable: breadcrumbs in /home/evgen/www/opencart/catalog/view/theme/test/template/common/header.tpl on line 91
2016-12-03 17:40:01 - PHP Warning:  Invalid argument supplied for foreach() in /home/evgen/www/opencart/catalog/view/theme/test/template/common/header.tpl on line 91
2016-12-03 17:40:02 - PHP Notice:  Undefined variable: breadcrumbs in /home/evgen/www/opencart/catalog/view/theme/test/template/common/header.tpl on line 91
2016-12-03 17:40:02 - PHP Warning:  Invalid argument supplied for foreach() in /home/evgen/www/opencart/catalog/view/theme/test/template/common/header.tpl on line 91
2016-12-03 17:40:58 - PHP Notice:  Undefined variable: breadcrumbs in /home/evgen/www/opencart/catalog/view/theme/test/template/common/header.tpl on line 91
2016-12-03 17:40:58 - PHP Warning:  Invalid argument supplied for foreach() in /home/evgen/www/opencart/catalog/view/theme/test/template/common/header.tpl on line 91
2016-12-03 17:41:16 - PHP Notice:  Undefined variable: breadcrumbs in /home/evgen/www/opencart/catalog/view/theme/test/template/common/header.tpl on line 91
2016-12-03 17:41:16 - PHP Warning:  Invalid argument supplied for foreach() in /home/evgen/www/opencart/catalog/view/theme/test/template/common/header.tpl on line 91
2016-12-03 17:41:41 - PHP Notice:  Undefined variable: breadcrumbs in /home/evgen/www/opencart/catalog/view/theme/test/template/common/header.tpl on line 91
2016-12-03 17:41:41 - PHP Warning:  Invalid argument supplied for foreach() in /home/evgen/www/opencart/catalog/view/theme/test/template/common/header.tpl on line 91
2016-12-03 17:41:56 - PHP Notice:  Undefined variable: breadcrumbs in /home/evgen/www/opencart/catalog/view/theme/test/template/common/header.tpl on line 91
2016-12-03 17:41:56 - PHP Warning:  Invalid argument supplied for foreach() in /home/evgen/www/opencart/catalog/view/theme/test/template/common/header.tpl on line 91
2016-12-03 17:42:00 - PHP Notice:  Undefined variable: breadcrumbs in /home/evgen/www/opencart/catalog/view/theme/test/template/common/header.tpl on line 91
2016-12-03 17:42:00 - PHP Warning:  Invalid argument supplied for foreach() in /home/evgen/www/opencart/catalog/view/theme/test/template/common/header.tpl on line 91
2016-12-03 17:42:05 - PHP Notice:  Undefined variable: breadcrumbs in /home/evgen/www/opencart/catalog/view/theme/test/template/common/header.tpl on line 91
2016-12-03 17:42:05 - PHP Warning:  Invalid argument supplied for foreach() in /home/evgen/www/opencart/catalog/view/theme/test/template/common/header.tpl on line 91
2016-12-03 17:42:24 - PHP Notice:  Undefined variable: breadcrumbs in /home/evgen/www/opencart/catalog/view/theme/test/template/common/header.tpl on line 91
2016-12-03 17:42:24 - PHP Warning:  Invalid argument supplied for foreach() in /home/evgen/www/opencart/catalog/view/theme/test/template/common/header.tpl on line 91
2016-12-03 17:42:46 - PHP Notice:  Undefined variable: breadcrumbs in /home/evgen/www/opencart/catalog/view/theme/test/template/common/header.tpl on line 91
2016-12-03 17:42:46 - PHP Warning:  Invalid argument supplied for foreach() in /home/evgen/www/opencart/catalog/view/theme/test/template/common/header.tpl on line 91
2016-12-03 17:42:53 - PHP Notice:  Undefined variable: breadcrumbs in /home/evgen/www/opencart/catalog/view/theme/test/template/common/header.tpl on line 91
2016-12-03 17:42:53 - PHP Warning:  Invalid argument supplied for foreach() in /home/evgen/www/opencart/catalog/view/theme/test/template/common/header.tpl on line 91
2016-12-03 17:42:54 - PHP Notice:  Undefined variable: breadcrumbs in /home/evgen/www/opencart/catalog/view/theme/test/template/common/header.tpl on line 91
2016-12-03 17:42:54 - PHP Warning:  Invalid argument supplied for foreach() in /home/evgen/www/opencart/catalog/view/theme/test/template/common/header.tpl on line 91
2016-12-03 17:54:58 - PHP Notice:  Undefined variable: breadcrumbs in /home/evgen/www/opencart/catalog/view/theme/test/template/common/header.tpl on line 91
2016-12-03 17:54:58 - PHP Warning:  Invalid argument supplied for foreach() in /home/evgen/www/opencart/catalog/view/theme/test/template/common/header.tpl on line 91
2016-12-03 17:55:00 - PHP Notice:  Undefined variable: breadcrumbs in /home/evgen/www/opencart/catalog/view/theme/test/template/common/header.tpl on line 91
2016-12-03 17:55:00 - PHP Warning:  Invalid argument supplied for foreach() in /home/evgen/www/opencart/catalog/view/theme/test/template/common/header.tpl on line 91
2016-12-03 18:05:20 - PHP Notice:  Undefined variable: password in /home/evgen/www/opencart/catalog/view/theme/test/template/common/header.tpl on line 45
2016-12-03 18:05:20 - PHP Notice:  Undefined variable: entry_password in /home/evgen/www/opencart/catalog/view/theme/test/template/common/header.tpl on line 45
2016-12-03 18:06:02 - PHP Notice:  Undefined variable: password in /home/evgen/www/opencart/catalog/view/theme/test/template/common/header.tpl on line 45
2016-12-03 18:06:02 - PHP Notice:  Undefined variable: password in /home/evgen/www/opencart/catalog/view/theme/test/template/common/header.tpl on line 46
2016-12-03 18:06:02 - PHP Notice:  Undefined variable: entry_password in /home/evgen/www/opencart/catalog/view/theme/test/template/common/header.tpl on line 46
2016-12-03 18:06:15 - PHP Notice:  Undefined variable: password in /home/evgen/www/opencart/catalog/view/theme/test/template/common/header.tpl on line 45
2016-12-03 18:06:38 - PHP Notice:  Undefined variable: password in /home/evgen/www/opencart/catalog/view/theme/test/template/common/header.tpl on line 45
2016-12-03 18:06:38 - PHP Notice:  Undefined variable: entry_password in /home/evgen/www/opencart/catalog/view/theme/test/template/common/header.tpl on line 45
2016-12-03 18:07:28 - PHP Notice:  Undefined variable: password in /home/evgen/www/opencart/catalog/view/theme/test/template/common/header.tpl on line 45
2016-12-03 18:07:28 - PHP Notice:  Undefined variable: entry_password in /home/evgen/www/opencart/catalog/view/theme/test/template/common/header.tpl on line 45
2016-12-03 18:08:13 - PHP Notice:  Undefined variable: entry_password in /home/evgen/www/opencart/catalog/view/theme/test/template/common/header.tpl on line 45
2016-12-03 18:08:22 - PHP Notice:  Undefined variable: password in /home/evgen/www/opencart/catalog/view/theme/test/template/common/header.tpl on line 45
2016-12-03 18:08:22 - PHP Notice:  Undefined variable: entry_password in /home/evgen/www/opencart/catalog/view/theme/test/template/common/header.tpl on line 45
2016-12-03 18:09:14 - PHP Notice:  Undefined variable: password in /home/evgen/www/opencart/catalog/view/theme/test/template/common/header.tpl on line 45
2016-12-03 18:09:14 - PHP Notice:  Undefined variable: entry_password in /home/evgen/www/opencart/catalog/view/theme/test/template/common/header.tpl on line 45
2016-12-03 18:09:14 - PHP Notice:  Undefined variable: password in /home/evgen/www/opencart/catalog/view/theme/test/template/common/header.tpl on line 46
2016-12-03 18:09:14 - PHP Notice:  Undefined variable: entry_password in /home/evgen/www/opencart/catalog/view/theme/test/template/common/header.tpl on line 46
2016-12-03 18:09:55 - PHP Notice:  Undefined variable: password in /home/evgen/www/opencart/catalog/view/theme/test/template/common/header.tpl on line 45
2016-12-03 18:09:55 - PHP Notice:  Undefined variable: entry_password in /home/evgen/www/opencart/catalog/view/theme/test/template/common/header.tpl on line 45
2016-12-03 18:09:55 - PHP Notice:  Undefined variable: password in /home/evgen/www/opencart/catalog/view/theme/test/template/common/header.tpl on line 46
2016-12-03 18:09:55 - PHP Notice:  Undefined variable: entry_password in /home/evgen/www/opencart/catalog/view/theme/test/template/common/header.tpl on line 46
2016-12-03 18:10:22 - PHP Notice:  Undefined variable: password in /home/evgen/www/opencart/catalog/view/theme/test/template/common/header.tpl on line 46
2016-12-03 18:10:22 - PHP Notice:  Undefined variable: entry_password in /home/evgen/www/opencart/catalog/view/theme/test/template/common/header.tpl on line 46
2016-12-03 18:10:22 - PHP Notice:  Undefined variable: password in /home/evgen/www/opencart/catalog/view/theme/test/template/common/header.tpl on line 48
2016-12-03 18:10:22 - PHP Notice:  Undefined variable: entry_password in /home/evgen/www/opencart/catalog/view/theme/test/template/common/header.tpl on line 48
2016-12-03 18:10:33 - PHP Notice:  Undefined variable: password in /home/evgen/www/opencart/catalog/view/theme/test/template/common/header.tpl on line 46
2016-12-03 18:10:33 - PHP Notice:  Undefined variable: entry_password in /home/evgen/www/opencart/catalog/view/theme/test/template/common/header.tpl on line 46
2016-12-03 18:10:33 - PHP Notice:  Undefined variable: password in /home/evgen/www/opencart/catalog/view/theme/test/template/common/header.tpl on line 48
2016-12-03 18:10:33 - PHP Notice:  Undefined variable: entry_password in /home/evgen/www/opencart/catalog/view/theme/test/template/common/header.tpl on line 48
2016-12-03 18:10:41 - PHP Notice:  Undefined variable: password in /home/evgen/www/opencart/catalog/view/theme/test/template/common/header.tpl on line 46
2016-12-03 18:10:41 - PHP Notice:  Undefined variable: password in /home/evgen/www/opencart/catalog/view/theme/test/template/common/header.tpl on line 48
2016-12-03 18:10:41 - PHP Notice:  Undefined variable: entry_password in /home/evgen/www/opencart/catalog/view/theme/test/template/common/header.tpl on line 48
2016-12-03 18:10:43 - PHP Notice:  Undefined variable: password in /home/evgen/www/opencart/catalog/view/theme/test/template/common/header.tpl on line 46
2016-12-03 18:10:43 - PHP Notice:  Undefined variable: password in /home/evgen/www/opencart/catalog/view/theme/test/template/common/header.tpl on line 48
2016-12-03 18:10:43 - PHP Notice:  Undefined variable: entry_password in /home/evgen/www/opencart/catalog/view/theme/test/template/common/header.tpl on line 48
2016-12-03 18:10:51 - PHP Notice:  Undefined variable: entry_password in /home/evgen/www/opencart/catalog/view/theme/test/template/common/header.tpl on line 46
2016-12-03 18:10:51 - PHP Notice:  Undefined variable: password in /home/evgen/www/opencart/catalog/view/theme/test/template/common/header.tpl on line 48
2016-12-03 18:10:51 - PHP Notice:  Undefined variable: entry_password in /home/evgen/www/opencart/catalog/view/theme/test/template/common/header.tpl on line 48
2016-12-03 18:11:02 - PHP Notice:  Undefined variable: password in /home/evgen/www/opencart/catalog/view/theme/test/template/common/header.tpl on line 46
2016-12-03 18:11:02 - PHP Notice:  Undefined variable: entry_password in /home/evgen/www/opencart/catalog/view/theme/test/template/common/header.tpl on line 46
2016-12-03 18:11:02 - PHP Notice:  Undefined variable: password in /home/evgen/www/opencart/catalog/view/theme/test/template/common/header.tpl on line 48
2016-12-03 18:11:02 - PHP Notice:  Undefined variable: entry_password in /home/evgen/www/opencart/catalog/view/theme/test/template/common/header.tpl on line 48
2016-12-03 18:11:11 - PHP Notice:  Undefined variable: password in /home/evgen/www/opencart/catalog/view/theme/test/template/common/header.tpl on line 46
2016-12-03 18:11:11 - PHP Notice:  Undefined variable: entry_password in /home/evgen/www/opencart/catalog/view/theme/test/template/common/header.tpl on line 46
2016-12-03 18:11:11 - PHP Notice:  Undefined variable: password in /home/evgen/www/opencart/catalog/view/theme/test/template/common/header.tpl on line 48
2016-12-03 18:11:11 - PHP Notice:  Undefined variable: entry_password in /home/evgen/www/opencart/catalog/view/theme/test/template/common/header.tpl on line 48
2016-12-03 18:11:25 - PHP Notice:  Undefined variable: password in /home/evgen/www/opencart/catalog/view/theme/test/template/common/header.tpl on line 46
2016-12-03 18:11:25 - PHP Notice:  Undefined variable: entry_password in /home/evgen/www/opencart/catalog/view/theme/test/template/common/header.tpl on line 46
2016-12-03 18:13:54 - PHP Notice:  Undefined variable: entry_password in /home/evgen/www/opencart/catalog/view/theme/test/template/common/header.tpl on line 47
2016-12-03 18:13:54 - PHP Notice:  Undefined variable: password in /home/evgen/www/opencart/catalog/view/theme/test/template/common/header.tpl on line 48
2016-12-03 18:13:54 - PHP Notice:  Undefined variable: entry_password in /home/evgen/www/opencart/catalog/view/theme/test/template/common/header.tpl on line 48
2016-12-03 18:13:54 - PHP Notice:  Undefined variable: forgotten in /home/evgen/www/opencart/catalog/view/theme/test/template/common/header.tpl on line 49
2016-12-03 18:13:54 - PHP Notice:  Undefined variable: text_forgotten in /home/evgen/www/opencart/catalog/view/theme/test/template/common/header.tpl on line 49
2016-12-03 18:14:03 - PHP Notice:  Undefined variable: entry_password in /home/evgen/www/opencart/catalog/view/theme/test/template/common/header.tpl on line 47
2016-12-03 18:14:03 - PHP Notice:  Undefined variable: password in /home/evgen/www/opencart/catalog/view/theme/test/template/common/header.tpl on line 48
2016-12-03 18:14:03 - PHP Notice:  Undefined variable: entry_password in /home/evgen/www/opencart/catalog/view/theme/test/template/common/header.tpl on line 48
2016-12-03 18:14:03 - PHP Notice:  Undefined variable: forgotten in /home/evgen/www/opencart/catalog/view/theme/test/template/common/header.tpl on line 49
2016-12-03 18:14:03 - PHP Notice:  Undefined variable: text_forgotten in /home/evgen/www/opencart/catalog/view/theme/test/template/common/header.tpl on line 49
2016-12-03 18:14:05 - PHP Notice:  Undefined variable: entry_password in /home/evgen/www/opencart/catalog/view/theme/test/template/common/header.tpl on line 47
2016-12-03 18:14:05 - PHP Notice:  Undefined variable: password in /home/evgen/www/opencart/catalog/view/theme/test/template/common/header.tpl on line 48
2016-12-03 18:14:05 - PHP Notice:  Undefined variable: entry_password in /home/evgen/www/opencart/catalog/view/theme/test/template/common/header.tpl on line 48
2016-12-03 18:14:05 - PHP Notice:  Undefined variable: forgotten in /home/evgen/www/opencart/catalog/view/theme/test/template/common/header.tpl on line 49
2016-12-03 18:14:05 - PHP Notice:  Undefined variable: text_forgotten in /home/evgen/www/opencart/catalog/view/theme/test/template/common/header.tpl on line 49
2016-12-03 18:14:14 - PHP Notice:  Undefined variable: password in /home/evgen/www/opencart/catalog/view/theme/test/template/common/header.tpl on line 46
2016-12-03 18:14:14 - PHP Notice:  Undefined variable: entry_password in /home/evgen/www/opencart/catalog/view/theme/test/template/common/header.tpl on line 46
2016-12-03 18:15:35 - PHP Notice:  Undefined variable: password in /home/evgen/www/opencart/catalog/view/theme/test/template/common/header.tpl on line 46
2016-12-03 18:15:35 - PHP Notice:  Undefined variable: entry_password in /home/evgen/www/opencart/catalog/view/theme/test/template/common/header.tpl on line 46
2016-12-03 18:16:08 - PHP Notice:  Undefined variable: password in /home/evgen/www/opencart/catalog/view/theme/test/template/common/header.tpl on line 46
2016-12-03 18:16:08 - PHP Notice:  Undefined variable: entry_password in /home/evgen/www/opencart/catalog/view/theme/test/template/common/header.tpl on line 46
2016-12-03 18:16:42 - PHP Notice:  Undefined variable: entry_password in /home/evgen/www/opencart/catalog/view/theme/test/template/common/header.tpl on line 46
2016-12-03 18:17:01 - PHP Notice:  Undefined variable: password in /home/evgen/www/opencart/catalog/view/theme/test/template/common/header.tpl on line 46
2016-12-03 18:17:11 - PHP Notice:  Undefined variable: entry_password in /home/evgen/www/opencart/catalog/view/theme/test/template/common/header.tpl on line 46
2016-12-03 18:17:11 - PHP Notice:  Undefined variable: entry_password in /home/evgen/www/opencart/catalog/view/theme/test/template/common/header.tpl on line 46
2016-12-03 18:20:49 - PHP Notice:  Undefined variable: password in /home/evgen/www/opencart/catalog/view/theme/test/template/common/header.tpl on line 46
2016-12-03 18:20:49 - PHP Notice:  Undefined variable: entry_password in /home/evgen/www/opencart/catalog/view/theme/test/template/common/header.tpl on line 46
2016-12-03 18:21:05 - PHP Notice:  Undefined variable: password in /home/evgen/www/opencart/catalog/view/theme/test/template/common/header.tpl on line 46
2016-12-03 18:21:05 - PHP Notice:  Undefined variable: entry_password in /home/evgen/www/opencart/catalog/view/theme/test/template/common/header.tpl on line 46
2016-12-03 18:22:05 - PHP Notice:  Undefined variable: password in /home/evgen/www/opencart/catalog/view/theme/test/template/common/header.tpl on line 49
2016-12-03 18:22:05 - PHP Notice:  Undefined variable: entry_password in /home/evgen/www/opencart/catalog/view/theme/test/template/common/header.tpl on line 49
2016-12-03 18:22:14 - PHP Notice:  Undefined variable: password in /home/evgen/www/opencart/catalog/view/theme/test/template/common/header.tpl on line 49
2016-12-03 18:22:14 - PHP Notice:  Undefined variable: entry_password in /home/evgen/www/opencart/catalog/view/theme/test/template/common/header.tpl on line 49
2016-12-03 18:23:06 - PHP Notice:  Undefined variable: password in /home/evgen/www/opencart/catalog/view/theme/test/template/common/header.tpl on line 82
2016-12-03 18:23:06 - PHP Notice:  Undefined variable: entry_password in /home/evgen/www/opencart/catalog/view/theme/test/template/common/header.tpl on line 82
2016-12-03 18:24:15 - PHP Notice:  Undefined variable: password in /home/evgen/www/opencart/catalog/view/theme/test/template/common/header.tpl on line 70
2016-12-03 18:24:15 - PHP Notice:  Undefined variable: entry_password in /home/evgen/www/opencart/catalog/view/theme/test/template/common/header.tpl on line 70
2016-12-03 18:25:12 - PHP Notice:  Undefined variable: password in /home/evgen/www/opencart/catalog/view/theme/test/template/common/header.tpl on line 48
2016-12-03 18:25:12 - PHP Notice:  Undefined variable: entry_password in /home/evgen/www/opencart/catalog/view/theme/test/template/common/header.tpl on line 48
2016-12-03 18:34:33 - PHP Notice:  Undefined variable: password in /home/evgen/www/opencart/catalog/view/theme/test/template/common/header.tpl on line 48
2016-12-03 18:34:33 - PHP Notice:  Undefined variable: entry_password in /home/evgen/www/opencart/catalog/view/theme/test/template/common/header.tpl on line 48
2016-12-03 18:34:46 - PHP Notice:  Undefined variable: password in /home/evgen/www/opencart/catalog/view/theme/test/template/common/header.tpl on line 48
2016-12-03 18:34:46 - PHP Notice:  Undefined variable: entry_password in /home/evgen/www/opencart/catalog/view/theme/test/template/common/header.tpl on line 48
2016-12-03 18:34:46 - PHP Notice:  Undefined variable: password in /home/evgen/www/opencart/catalog/view/theme/test/template/common/header.tpl on line 49
2016-12-03 18:34:46 - PHP Notice:  Undefined variable: entry_password in /home/evgen/www/opencart/catalog/view/theme/test/template/common/header.tpl on line 49
2016-12-03 18:34:59 - PHP Notice:  Undefined variable: password in /home/evgen/www/opencart/catalog/view/theme/test/template/common/header.tpl on line 48
2016-12-03 18:34:59 - PHP Notice:  Undefined variable: entry_password in /home/evgen/www/opencart/catalog/view/theme/test/template/common/header.tpl on line 48
2016-12-03 18:34:59 - PHP Notice:  Undefined variable: password in /home/evgen/www/opencart/catalog/view/theme/test/template/common/header.tpl on line 49
2016-12-03 18:34:59 - PHP Notice:  Undefined variable: entry_password in /home/evgen/www/opencart/catalog/view/theme/test/template/common/header.tpl on line 49
2016-12-03 18:35:09 - PHP Notice:  Undefined variable: password in /home/evgen/www/opencart/catalog/view/theme/test/template/common/header.tpl on line 48
2016-12-03 18:35:09 - PHP Notice:  Undefined variable: entry_password in /home/evgen/www/opencart/catalog/view/theme/test/template/common/header.tpl on line 48
2016-12-03 18:35:09 - PHP Notice:  Undefined variable: password in /home/evgen/www/opencart/catalog/view/theme/test/template/common/header.tpl on line 49
2016-12-03 18:35:09 - PHP Notice:  Undefined variable: entry_password in /home/evgen/www/opencart/catalog/view/theme/test/template/common/header.tpl on line 49
2016-12-03 18:35:22 - PHP Notice:  Undefined variable: password in /home/evgen/www/opencart/catalog/view/theme/test/template/common/header.tpl on line 48
2016-12-03 18:35:22 - PHP Notice:  Undefined variable: entry_password in /home/evgen/www/opencart/catalog/view/theme/test/template/common/header.tpl on line 48
2016-12-03 18:35:22 - PHP Notice:  Undefined variable: password in /home/evgen/www/opencart/catalog/view/theme/test/template/common/header.tpl on line 49
2016-12-03 18:35:22 - PHP Notice:  Undefined variable: entry_password in /home/evgen/www/opencart/catalog/view/theme/test/template/common/header.tpl on line 49
2016-12-03 18:35:53 - PHP Notice:  Undefined variable: password in /home/evgen/www/opencart/catalog/view/theme/test/template/common/header.tpl on line 48
2016-12-03 18:35:53 - PHP Notice:  Undefined variable: entry_password in /home/evgen/www/opencart/catalog/view/theme/test/template/common/header.tpl on line 48
2016-12-03 18:36:35 - PHP Notice:  Undefined variable: password in /home/evgen/www/opencart/catalog/view/theme/test/template/common/header.tpl on line 48
2016-12-03 18:36:35 - PHP Notice:  Undefined variable: entry_password in /home/evgen/www/opencart/catalog/view/theme/test/template/common/header.tpl on line 48
2016-12-03 18:37:21 - PHP Notice:  Undefined variable: password in /home/evgen/www/opencart/catalog/view/theme/test/template/common/header.tpl on line 48
2016-12-03 18:37:21 - PHP Notice:  Undefined variable: entry_password in /home/evgen/www/opencart/catalog/view/theme/test/template/common/header.tpl on line 48
2016-12-03 18:37:25 - PHP Notice:  Undefined variable: password in /home/evgen/www/opencart/catalog/view/theme/test/template/common/header.tpl on line 48
2016-12-03 18:37:25 - PHP Notice:  Undefined variable: entry_password in /home/evgen/www/opencart/catalog/view/theme/test/template/common/header.tpl on line 48
2016-12-03 18:38:09 - PHP Notice:  Undefined variable: password in /home/evgen/www/opencart/catalog/view/theme/test/template/common/header.tpl on line 48
2016-12-03 18:38:09 - PHP Notice:  Undefined variable: entry_password in /home/evgen/www/opencart/catalog/view/theme/test/template/common/header.tpl on line 48
2016-12-03 18:38:09 - PHP Notice:  Undefined variable: button_login in /home/evgen/www/opencart/catalog/view/theme/test/template/common/header.tpl on line 50
